[ 2016-09-08T17:05:32+08:00 ] 127.0.0.1 /
INFO: [ app_init ] --START--
INFO: Run Behavior\BuildLiteBehavior [ RunTime:0.000000s ]
INFO: [ app_init ] --END-- [ RunTime:0.000000s ]
INFO: [ app_begin ] --START--
INFO: Run Behavior\ReadHtmlCacheBehavior [ RunTime:0.000000s ]
INFO: [ app_begin ] --END-- [ RunTime:0.000000s ]
INFO: [ action_begin ] --START--
SQL: SHOW COLUMNS FROM `gms_hooks` [ RunTime:0.0180s ]
SQL: SELECT `name`,`addons` FROM `gms_hooks`  [ RunTime:0.0190s ]
SQL: SHOW COLUMNS FROM `gms_addons` [ RunTime:0.0190s ]
SQL: SELECT `id`,`name` FROM `gms_addons` WHERE `disabled` = 1 AND `name` IN ('SiteStat')  [ RunTime:0.0190s ]
INFO: Run Common\Behavior\InitHookBehavior [ RunTime:0.160009s ]
INFO: [ action_begin ] --END-- [ RunTime:0.160009s ]

[ 2016-09-08T17:09:36+08:00 ] 127.0.0.1 /
INFO: [ app_init ] --START--
INFO: Run Behavior\BuildLiteBehavior [ RunTime:0.000000s ]
INFO: [ app_init ] --END-- [ RunTime:0.001000s ]
INFO: [ app_begin ] --START--
INFO: Run Behavior\ReadHtmlCacheBehavior [ RunTime:0.001000s ]
INFO: [ app_begin ] --END-- [ RunTime:0.001000s ]
INFO: [ action_begin ] --START--
SQL: SHOW COLUMNS FROM `gms_hooks` [ RunTime:0.0030s ]
SQL: SELECT `name`,`addons` FROM `gms_hooks`  [ RunTime:0.0000s ]
SQL: SHOW COLUMNS FROM `gms_addons` [ RunTime:0.0030s ]
SQL: SELECT `id`,`name` FROM `gms_addons` WHERE `disabled` = 1 AND `name` IN ('SiteStat')  [ RunTime:0.0010s ]
INFO: Run Common\Behavior\InitHookBehavior [ RunTime:0.016001s ]
INFO: [ action_begin ] --END-- [ RunTime:0.016001s ]

[ 2016-09-08T17:16:52+08:00 ] 127.0.0.1 /
INFO: [ app_init ] --START--
INFO: Run Behavior\BuildLiteBehavior [ RunTime:0.000000s ]
INFO: [ app_init ] --END-- [ RunTime:0.000000s ]
INFO: [ app_begin ] --START--
INFO: Run Behavior\ReadHtmlCacheBehavior [ RunTime:0.000000s ]
INFO: [ app_begin ] --END-- [ RunTime:0.000000s ]
INFO: [ action_begin ] --START--
SQL: SHOW COLUMNS FROM `gms_hooks` [ RunTime:0.0020s ]
SQL: SELECT `name`,`addons` FROM `gms_hooks`  [ RunTime:0.0000s ]
SQL: SHOW COLUMNS FROM `gms_addons` [ RunTime:0.0030s ]
SQL: SELECT `id`,`name` FROM `gms_addons` WHERE `disabled` = 1 AND `name` IN ('SiteStat')  [ RunTime:0.0000s ]
INFO: Run Common\Behavior\InitHookBehavior [ RunTime:0.014001s ]
INFO: [ action_begin ] --END-- [ RunTime:0.014001s ]

[ 2016-09-08T17:19:01+08:00 ] 127.0.0.1 /User/excel
INFO: [ app_init ] --START--
INFO: Run Behavior\BuildLiteBehavior [ RunTime:0.000000s ]
INFO: [ app_init ] --END-- [ RunTime:0.001000s ]
INFO: [ app_begin ] --START--
INFO: Run Behavior\ReadHtmlCacheBehavior [ RunTime:0.001001s ]
INFO: [ app_begin ] --END-- [ RunTime:0.001001s ]
INFO: [ action_begin ] --START--
SQL: SHOW COLUMNS FROM `gms_hooks` [ RunTime:0.0020s ]
SQL: SELECT `name`,`addons` FROM `gms_hooks`  [ RunTime:0.0000s ]
SQL: SHOW COLUMNS FROM `gms_addons` [ RunTime:0.0020s ]
SQL: SELECT `id`,`name` FROM `gms_addons` WHERE `disabled` = 1 AND `name` IN ('SiteStat')  [ RunTime:0.0000s ]
INFO: Run Common\Behavior\InitHookBehavior [ RunTime:0.015000s ]
INFO: [ action_begin ] --END-- [ RunTime:0.015000s ]
INFO: [ view_parse ] --START--
INFO: [ template_filter ] --START--
INFO: Run Behavior\ContentReplaceBehavior [ RunTime:0.000000s ]
INFO: [ template_filter ] --END-- [ RunTime:0.000000s ]
INFO: Run Behavior\ParseTemplateBehavior [ RunTime:0.005001s ]
INFO: [ view_parse ] --END-- [ RunTime:0.005001s ]
INFO: [ view_filter ] --START--
INFO: Run Behavior\WriteHtmlCacheBehavior [ RunTime:0.000000s ]
INFO: [ view_filter ] --END-- [ RunTime:0.000000s ]
INFO: [ app_end ] --START--
INFO: Run Behavior\ShowPageTraceBehavior [ RunTime:0.000000s ]
INFO: [ app_end ] --END-- [ RunTime:0.000000s ]

[ 2016-09-08T17:19:05+08:00 ] 127.0.0.1 /User/%7B:U('Index/expUser')%7D
INFO: [ app_init ] --START--
INFO: Run Behavior\BuildLiteBehavior [ RunTime:0.000000s ]
INFO: [ app_init ] --END-- [ RunTime:0.000000s ]
INFO: [ app_begin ] --START--
INFO: Run Behavior\ReadHtmlCacheBehavior [ RunTime:0.001000s ]
INFO: [ app_begin ] --END-- [ RunTime:0.001000s ]
ERR: 无法加载控制器:{:U('Index

[ 2016-09-08T17:19:22+08:00 ] 127.0.0.1 /User/excel
INFO: [ app_init ] --START--
INFO: Run Behavior\BuildLiteBehavior [ RunTime:0.000000s ]
INFO: [ app_init ] --END-- [ RunTime:0.000000s ]
INFO: [ app_begin ] --START--
INFO: Run Behavior\ReadHtmlCacheBehavior [ RunTime:0.001000s ]
INFO: [ app_begin ] --END-- [ RunTime:0.001000s ]
INFO: [ action_begin ] --START--
SQL: SHOW COLUMNS FROM `gms_hooks` [ RunTime:0.0030s ]
SQL: SELECT `name`,`addons` FROM `gms_hooks`  [ RunTime:0.0000s ]
SQL: SHOW COLUMNS FROM `gms_addons` [ RunTime:0.0030s ]
SQL: SELECT `id`,`name` FROM `gms_addons` WHERE `disabled` = 1 AND `name` IN ('SiteStat')  [ RunTime:0.0000s ]
INFO: Run Common\Behavior\InitHookBehavior [ RunTime:0.016001s ]
INFO: [ action_begin ] --END-- [ RunTime:0.016001s ]
INFO: [ view_parse ] --START--
INFO: [ template_filter ] --START--
INFO: Run Behavior\ContentReplaceBehavior [ RunTime:0.000000s ]
INFO: [ template_filter ] --END-- [ RunTime:0.000000s ]
INFO: Run Behavior\ParseTemplateBehavior [ RunTime:0.004000s ]
INFO: [ view_parse ] --END-- [ RunTime:0.004000s ]
INFO: [ view_filter ] --START--
INFO: Run Behavior\WriteHtmlCacheBehavior [ RunTime:0.000000s ]
INFO: [ view_filter ] --END-- [ RunTime:0.000000s ]
INFO: [ app_end ] --START--
INFO: Run Behavior\ShowPageTraceBehavior [ RunTime:0.001000s ]
INFO: [ app_end ] --END-- [ RunTime:0.001000s ]

[ 2016-09-08T17:19:23+08:00 ] 127.0.0.1 /index.php?m=User&c=Index&a=expUser
INFO: [ app_init ] --START--
INFO: Run Behavior\BuildLiteBehavior [ RunTime:0.000000s ]
INFO: [ app_init ] --END-- [ RunTime:0.000000s ]
INFO: [ app_begin ] --START--
INFO: Run Behavior\ReadHtmlCacheBehavior [ RunTime:0.001000s ]
INFO: [ app_begin ] --END-- [ RunTime:0.001000s ]
INFO: [ action_begin ] --START--
SQL: SHOW COLUMNS FROM `gms_hooks` [ RunTime:0.0020s ]
SQL: SELECT `name`,`addons` FROM `gms_hooks`  [ RunTime:0.0000s ]
SQL: SHOW COLUMNS FROM `gms_addons` [ RunTime:0.0030s ]
SQL: SELECT `id`,`name` FROM `gms_addons` WHERE `disabled` = 1 AND `name` IN ('SiteStat')  [ RunTime:0.0000s ]
INFO: Run Common\Behavior\InitHookBehavior [ RunTime:0.013001s ]
INFO: [ action_begin ] --END-- [ RunTime:0.013001s ]
ERR: 非法操作:expUser

[ 2016-09-08T17:19:45+08:00 ] 127.0.0.1 /index.php?m=User&c=Index&a=expUser
INFO: [ app_init ] --START--
INFO: Run Behavior\BuildLiteBehavior [ RunTime:0.000000s ]
INFO: [ app_init ] --END-- [ RunTime:0.001000s ]
INFO: [ app_begin ] --START--
INFO: Run Behavior\ReadHtmlCacheBehavior [ RunTime:0.000000s ]
INFO: [ app_begin ] --END-- [ RunTime:0.000000s ]
INFO: [ action_begin ] --START--
SQL: SHOW COLUMNS FROM `gms_hooks` [ RunTime:0.0030s ]
SQL: SELECT `name`,`addons` FROM `gms_hooks`  [ RunTime:0.0000s ]
SQL: SHOW COLUMNS FROM `gms_addons` [ RunTime:0.0020s ]
SQL: SELECT `id`,`name` FROM `gms_addons` WHERE `disabled` = 1 AND `name` IN ('SiteStat')  [ RunTime:0.0000s ]
INFO: Run Common\Behavior\InitHookBehavior [ RunTime:0.013001s ]
INFO: [ action_begin ] --END-- [ RunTime:0.013001s ]
ERR: 非法操作:expUser

[ 2016-09-08T17:19:59+08:00 ] 127.0.0.1 /User/excel
INFO: [ app_init ] --START--
INFO: Run Behavior\BuildLiteBehavior [ RunTime:0.000000s ]
INFO: [ app_init ] --END-- [ RunTime:0.000000s ]
INFO: [ app_begin ] --START--
INFO: Run Behavior\ReadHtmlCacheBehavior [ RunTime:0.000000s ]
INFO: [ app_begin ] --END-- [ RunTime:0.000000s ]
INFO: [ action_begin ] --START--
SQL: SHOW COLUMNS FROM `gms_hooks` [ RunTime:0.0030s ]
SQL: SELECT `name`,`addons` FROM `gms_hooks`  [ RunTime:0.0000s ]
SQL: SHOW COLUMNS FROM `gms_addons` [ RunTime:0.0030s ]
SQL: SELECT `id`,`name` FROM `gms_addons` WHERE `disabled` = 1 AND `name` IN ('SiteStat')  [ RunTime:0.0000s ]
INFO: Run Common\Behavior\InitHookBehavior [ RunTime:0.013001s ]
INFO: [ action_begin ] --END-- [ RunTime:0.014001s ]
INFO: [ view_parse ] --START--
INFO: [ template_filter ] --START--
INFO: Run Behavior\ContentReplaceBehavior [ RunTime:0.000000s ]
INFO: [ template_filter ] --END-- [ RunTime:0.000000s ]
INFO: Run Behavior\ParseTemplateBehavior [ RunTime:0.003000s ]
INFO: [ view_parse ] --END-- [ RunTime:0.003000s ]
INFO: [ view_filter ] --START--
INFO: Run Behavior\WriteHtmlCacheBehavior [ RunTime:0.000000s ]
INFO: [ view_filter ] --END-- [ RunTime:0.000000s ]
INFO: [ app_end ] --START--
INFO: Run Behavior\ShowPageTraceBehavior [ RunTime:0.001000s ]
INFO: [ app_end ] --END-- [ RunTime:0.001000s ]

[ 2016-09-08T17:20:00+08:00 ] 127.0.0.1 /index.php?m=User&c=Excel&a=expUser
INFO: [ app_init ] --START--
INFO: Run Behavior\BuildLiteBehavior [ RunTime:0.000000s ]
INFO: [ app_init ] --END-- [ RunTime:0.001000s ]
INFO: [ app_begin ] --START--
INFO: Run Behavior\ReadHtmlCacheBehavior [ RunTime:0.000000s ]
INFO: [ app_begin ] --END-- [ RunTime:0.000000s ]
INFO: [ action_begin ] --START--
SQL: SHOW COLUMNS FROM `gms_hooks` [ RunTime:0.0030s ]
SQL: SELECT `name`,`addons` FROM `gms_hooks`  [ RunTime:0.0000s ]
SQL: SHOW COLUMNS FROM `gms_addons` [ RunTime:0.0030s ]
SQL: SELECT `id`,`name` FROM `gms_addons` WHERE `disabled` = 1 AND `name` IN ('SiteStat')  [ RunTime:0.0000s ]
INFO: Run Common\Behavior\InitHookBehavior [ RunTime:0.014001s ]
INFO: [ action_begin ] --END-- [ RunTime:0.014001s ]
ERR: 1146:Table 'frame01.gms_excel' doesn't exist
 [ SQL语句 ] : SHOW COLUMNS FROM `gms_excel`
ERR: 1146:Table 'frame01.gms_excel' doesn't exist
 [ SQL语句 ] : SHOW COLUMNS FROM `gms_excel`

[ 2016-09-08T17:20:17+08:00 ] 127.0.0.1 /User/excel
INFO: [ app_init ] --START--
INFO: Run Behavior\BuildLiteBehavior [ RunTime:0.000000s ]
INFO: [ app_init ] --END-- [ RunTime:0.001000s ]
INFO: [ app_begin ] --START--
INFO: Run Behavior\ReadHtmlCacheBehavior [ RunTime:0.000000s ]
INFO: [ app_begin ] --END-- [ RunTime:0.000000s ]
INFO: [ action_begin ] --START--
SQL: SHOW COLUMNS FROM `gms_hooks` [ RunTime:0.0020s ]
SQL: SELECT `name`,`addons` FROM `gms_hooks`  [ RunTime:0.0000s ]
SQL: SHOW COLUMNS FROM `gms_addons` [ RunTime:0.0030s ]
SQL: SELECT `id`,`name` FROM `gms_addons` WHERE `disabled` = 1 AND `name` IN ('SiteStat')  [ RunTime:0.0000s ]
INFO: Run Common\Behavior\InitHookBehavior [ RunTime:0.022002s ]
INFO: [ action_begin ] --END-- [ RunTime:0.022002s ]
INFO: [ view_parse ] --START--
INFO: [ template_filter ] --START--
INFO: Run Behavior\ContentReplaceBehavior [ RunTime:0.000000s ]
INFO: [ template_filter ] --END-- [ RunTime:0.000000s ]
INFO: Run Behavior\ParseTemplateBehavior [ RunTime:0.003000s ]
INFO: [ view_parse ] --END-- [ RunTime:0.003000s ]
INFO: [ view_filter ] --START--
INFO: Run Behavior\WriteHtmlCacheBehavior [ RunTime:0.000000s ]
INFO: [ view_filter ] --END-- [ RunTime:0.000000s ]
INFO: [ app_end ] --START--
INFO: Run Behavior\ShowPageTraceBehavior [ RunTime:0.001000s ]
INFO: [ app_end ] --END-- [ RunTime:0.001000s ]

[ 2016-09-08T17:20:18+08:00 ] 127.0.0.1 /index.php?m=User&c=Excel&a=expUser
INFO: [ app_init ] --START--
INFO: Run Behavior\BuildLiteBehavior [ RunTime:0.000000s ]
INFO: [ app_init ] --END-- [ RunTime:0.000000s ]
INFO: [ app_begin ] --START--
INFO: Run Behavior\ReadHtmlCacheBehavior [ RunTime:0.001000s ]
INFO: [ app_begin ] --END-- [ RunTime:0.001000s ]
INFO: [ action_begin ] --START--
SQL: SHOW COLUMNS FROM `gms_hooks` [ RunTime:0.0020s ]
SQL: SELECT `name`,`addons` FROM `gms_hooks`  [ RunTime:0.0000s ]
SQL: SHOW COLUMNS FROM `gms_addons` [ RunTime:0.0020s ]
SQL: SELECT `id`,`name` FROM `gms_addons` WHERE `disabled` = 1 AND `name` IN ('SiteStat')  [ RunTime:0.0000s ]
INFO: Run Common\Behavior\InitHookBehavior [ RunTime:0.013001s ]
INFO: [ action_begin ] --END-- [ RunTime:0.013001s ]
SQL: SHOW COLUMNS FROM `gms_excel` [ RunTime:0.0030s ]
SQL: SELECT `id`,`truename`,`sex`,`res_id`,`sp_id`,`class`,`year`,`city`,`company`,`zhicheng`,`zhiwu`,`jibie`,`tel`,`qq`,`email`,`honor`,`remark` FROM `gms_excel`  [ RunTime:0.0000s ]
NOTIC: [8] Undefined index: account D:\WWW\xiaojian\frame\App\User\Controller\ExcelController.class.php 第 19 行.

[ 2016-09-08T17:20:54+08:00 ] 127.0.0.1 /User/excel
INFO: [ app_init ] --START--
INFO: Run Behavior\BuildLiteBehavior [ RunTime:0.000000s ]
INFO: [ app_init ] --END-- [ RunTime:0.001000s ]
INFO: [ app_begin ] --START--
INFO: Run Behavior\ReadHtmlCacheBehavior [ RunTime:0.001000s ]
INFO: [ app_begin ] --END-- [ RunTime:0.001000s ]
INFO: [ action_begin ] --START--
SQL: SHOW COLUMNS FROM `gms_hooks` [ RunTime:0.0020s ]
SQL: SELECT `name`,`addons` FROM `gms_hooks`  [ RunTime:0.0000s ]
SQL: SHOW COLUMNS FROM `gms_addons` [ RunTime:0.0020s ]
SQL: SELECT `id`,`name` FROM `gms_addons` WHERE `disabled` = 1 AND `name` IN ('SiteStat')  [ RunTime:0.0000s ]
INFO: Run Common\Behavior\InitHookBehavior [ RunTime:0.014001s ]
INFO: [ action_begin ] --END-- [ RunTime:0.014001s ]
INFO: [ view_parse ] --START--
INFO: [ template_filter ] --START--
INFO: Run Behavior\ContentReplaceBehavior [ RunTime:0.000000s ]
INFO: [ template_filter ] --END-- [ RunTime:0.000000s ]
INFO: Run Behavior\ParseTemplateBehavior [ RunTime:0.004000s ]
INFO: [ view_parse ] --END-- [ RunTime:0.004000s ]
INFO: [ view_filter ] --START--
INFO: Run Behavior\WriteHtmlCacheBehavior [ RunTime:0.000000s ]
INFO: [ view_filter ] --END-- [ RunTime:0.000000s ]
INFO: [ app_end ] --START--
INFO: Run Behavior\ShowPageTraceBehavior [ RunTime:0.001000s ]
INFO: [ app_end ] --END-- [ RunTime:0.001000s ]

[ 2016-09-08T17:20:55+08:00 ] 127.0.0.1 /index.php?m=User&c=Excel&a=expUser
INFO: [ app_init ] --START--
INFO: Run Behavior\BuildLiteBehavior [ RunTime:0.000000s ]
INFO: [ app_init ] --END-- [ RunTime:0.001000s ]
INFO: [ app_begin ] --START--
INFO: Run Behavior\ReadHtmlCacheBehavior [ RunTime:0.000000s ]
INFO: [ app_begin ] --END-- [ RunTime:0.000000s ]
INFO: [ action_begin ] --START--
SQL: SHOW COLUMNS FROM `gms_hooks` [ RunTime:0.0020s ]
SQL: SELECT `name`,`addons` FROM `gms_hooks`  [ RunTime:0.0000s ]
SQL: SHOW COLUMNS FROM `gms_addons` [ RunTime:0.0020s ]
SQL: SELECT `id`,`name` FROM `gms_addons` WHERE `disabled` = 1 AND `name` IN ('SiteStat')  [ RunTime:0.0000s ]
INFO: Run Common\Behavior\InitHookBehavior [ RunTime:0.013000s ]
INFO: [ action_begin ] --END-- [ RunTime:0.013000s ]
SQL: SHOW COLUMNS FROM `gms_excel` [ RunTime:0.0030s ]
SQL: SELECT `id`,`truename`,`sex`,`res_id`,`sp_id`,`class`,`year`,`city`,`company`,`zhicheng`,`zhiwu`,`jibie`,`tel`,`qq`,`email`,`honor`,`remark` FROM `gms_excel`  [ RunTime:0.0000s ]
NOTIC: [8] Undefined index: account D:\WWW\xiaojian\frame\App\User\Controller\ExcelController.class.php 第 19 行.

[ 2016-09-08T17:22:07+08:00 ] 127.0.0.1 /User/excel
INFO: [ app_init ] --START--
INFO: Run Behavior\BuildLiteBehavior [ RunTime:0.000000s ]
INFO: [ app_init ] --END-- [ RunTime:0.000000s ]
INFO: [ app_begin ] --START--
INFO: Run Behavior\ReadHtmlCacheBehavior [ RunTime:0.000000s ]
INFO: [ app_begin ] --END-- [ RunTime:0.000000s ]
INFO: [ action_begin ] --START--
SQL: SHOW COLUMNS FROM `gms_hooks` [ RunTime:0.0020s ]
SQL: SELECT `name`,`addons` FROM `gms_hooks`  [ RunTime:0.0000s ]
SQL: SHOW COLUMNS FROM `gms_addons` [ RunTime:0.0020s ]
SQL: SELECT `id`,`name` FROM `gms_addons` WHERE `disabled` = 1 AND `name` IN ('SiteStat')  [ RunTime:0.0010s ]
INFO: Run Common\Behavior\InitHookBehavior [ RunTime:0.023001s ]
INFO: [ action_begin ] --END-- [ RunTime:0.023001s ]
INFO: [ view_parse ] --START--
INFO: [ template_filter ] --START--
INFO: Run Behavior\ContentReplaceBehavior [ RunTime:0.000000s ]
INFO: [ template_filter ] --END-- [ RunTime:0.000000s ]
INFO: Run Behavior\ParseTemplateBehavior [ RunTime:0.004000s ]
INFO: [ view_parse ] --END-- [ RunTime:0.004000s ]
INFO: [ view_filter ] --START--
INFO: Run Behavior\WriteHtmlCacheBehavior [ RunTime:0.000000s ]
INFO: [ view_filter ] --END-- [ RunTime:0.000000s ]
INFO: [ app_end ] --START--
INFO: Run Behavior\ShowPageTraceBehavior [ RunTime:0.000000s ]
INFO: [ app_end ] --END-- [ RunTime:0.000000s ]

[ 2016-09-08T17:22:08+08:00 ] 127.0.0.1 /index.php?m=User&c=Excel&a=expUser
INFO: [ app_init ] --START--
INFO: Run Behavior\BuildLiteBehavior [ RunTime:0.000000s ]
INFO: [ app_init ] --END-- [ RunTime:0.000000s ]
INFO: [ app_begin ] --START--
INFO: Run Behavior\ReadHtmlCacheBehavior [ RunTime:0.000000s ]
INFO: [ app_begin ] --END-- [ RunTime:0.000000s ]
INFO: [ action_begin ] --START--
SQL: SHOW COLUMNS FROM `gms_hooks` [ RunTime:0.0030s ]
SQL: SELECT `name`,`addons` FROM `gms_hooks`  [ RunTime:0.0000s ]
SQL: SHOW COLUMNS FROM `gms_addons` [ RunTime:0.0030s ]
SQL: SELECT `id`,`name` FROM `gms_addons` WHERE `disabled` = 1 AND `name` IN ('SiteStat')  [ RunTime:0.0000s ]
INFO: Run Common\Behavior\InitHookBehavior [ RunTime:0.013001s ]
INFO: [ action_begin ] --END-- [ RunTime:0.013001s ]
SQL: SHOW COLUMNS FROM `gms_excel` [ RunTime:0.0020s ]
SQL: SELECT `id`,`truename`,`sex`,`res_id`,`sp_id`,`class`,`year`,`city`,`company`,`zhicheng`,`zhiwu`,`jibie`,`tel`,`qq`,`email`,`honor`,`remark` FROM `gms_excel`  [ RunTime:0.0000s ]
NOTIC: [8] Undefined index: account D:\WWW\xiaojian\frame\App\User\Controller\ExcelController.class.php 第 19 行.

