[ 2016-11-21T10:42:02+08:00 ] 127.0.0.1 /user/fetcher/test
INFO: [ app_init ] --START--
INFO: Run Behavior\BuildLiteBehavior [ RunTime:0.000000s ]
INFO: [ app_init ] --END-- [ RunTime:0.001000s ]
INFO: [ app_begin ] --START--
INFO: Run Behavior\ReadHtmlCacheBehavior [ RunTime:0.001000s ]
INFO: [ app_begin ] --END-- [ RunTime:0.001000s ]
INFO: [ action_begin ] --START--
SQL: SHOW COLUMNS FROM `gms_hooks` [ RunTime:0.0050s ]
SQL: SELECT `name`,`addons` FROM `gms_hooks`  [ RunTime:0.0010s ]
SQL: SHOW COLUMNS FROM `gms_addons` [ RunTime:0.0050s ]
SQL: SELECT `id`,`name` FROM `gms_addons` WHERE `disabled` = 1 AND `name` IN ('SiteStat')  [ RunTime:0.0000s ]
INFO: Run Common\Behavior\InitHookBehavior [ RunTime:0.028002s ]
INFO: [ action_begin ] --END-- [ RunTime:0.028002s ]
SQL: SHOW COLUMNS FROM `gms_picture` [ RunTime:0.0050s ]
SQL: INSERT INTO `gms_picture` (`title`) VALUES ('/Uploads/picture/58325ef97c064.jpg') [ RunTime:0.0020s ]
SQL: INSERT INTO `gms_picture` (`title`) VALUES ('/Uploads/picture/58325ef98cdf0.jpg') [ RunTime:0.0000s ]
SQL: INSERT INTO `gms_picture` (`title`) VALUES ('/Uploads/picture/58325ef9a0a5d.jpg') [ RunTime:0.0000s ]
SQL: INSERT INTO `gms_picture` (`title`) VALUES ('/Uploads/picture/58325ef9acdaf.jpg') [ RunTime:0.0010s ]
SQL: INSERT INTO `gms_picture` (`title`) VALUES ('/Uploads/picture/58325ef9b9102.jpg') [ RunTime:0.0000s ]
SQL: INSERT INTO `gms_picture` (`title`) VALUES ('/Uploads/picture/58325ef9c5c25.jpg') [ RunTime:0.0000s ]
SQL: INSERT INTO `gms_picture` (`title`) VALUES ('/Uploads/picture/58325ef9d0bf0.jpg') [ RunTime:0.0000s ]
SQL: INSERT INTO `gms_picture` (`title`) VALUES ('/Uploads/picture/58325ef9dc38b.jpg') [ RunTime:0.0000s ]
SQL: INSERT INTO `gms_picture` (`title`) VALUES ('/Uploads/picture/58325ef9e773d.jpg') [ RunTime:0.0000s ]
SQL: INSERT INTO `gms_picture` (`title`) VALUES ('/Uploads/picture/58325ef9f1768.jpg') [ RunTime:0.0000s ]
SQL: INSERT INTO `gms_picture` (`title`) VALUES ('/Uploads/picture/58325efa0c75b.jpg') [ RunTime:0.0000s ]
SQL: INSERT INTO `gms_picture` (`title`) VALUES ('/Uploads/picture/58325efa19e36.jpg') [ RunTime:0.0000s ]
SQL: INSERT INTO `gms_picture` (`title`) VALUES ('/Uploads/picture/58325efa26d41.jpg') [ RunTime:0.0000s ]
SQL: INSERT INTO `gms_picture` (`title`) VALUES ('/Uploads/picture/58325efa33864.jpg') [ RunTime:0.0000s ]
SQL: INSERT INTO `gms_picture` (`title`) VALUES ('/Uploads/picture/58325efa43268.jpg') [ RunTime:0.0000s ]
SQL: INSERT INTO `gms_picture` (`title`) VALUES ('/Uploads/picture/58325efa5055b.jpg') [ RunTime:0.0000s ]
SQL: INSERT INTO `gms_picture` (`title`) VALUES ('/Uploads/picture/58325efa5a96d.jpg') [ RunTime:0.0000s ]
SQL: INSERT INTO `gms_picture` (`title`) VALUES ('/Uploads/picture/58325efa64998.jpg') [ RunTime:0.0000s ]
SQL: INSERT INTO `gms_picture` (`title`) VALUES ('/Uploads/picture/58325efa6edaa.jpg') [ RunTime:0.0000s ]
SQL: INSERT INTO `gms_picture` (`title`) VALUES ('/Uploads/picture/58325efa7b8cd.jpg') [ RunTime:0.0000s ]
SQL: INSERT INTO `gms_picture` (`title`) VALUES ('/Uploads/picture/58325efa858f7.jpg') [ RunTime:0.0000s ]
SQL: INSERT INTO `gms_picture` (`title`) VALUES ('/Uploads/picture/58325efa91c4a.jpg') [ RunTime:0.0000s ]
SQL: INSERT INTO `gms_picture` (`title`) VALUES ('/Uploads/picture/58325efa9c82d.jpg') [ RunTime:0.0000s ]
SQL: INSERT INTO `gms_picture` (`title`) VALUES ('/Uploads/picture/58325efaa9350.jpg') [ RunTime:0.0000s ]
INFO: [ app_end ] --START--
INFO: Run Behavior\ShowPageTraceBehavior [ RunTime:0.001000s ]
INFO: [ app_end ] --END-- [ RunTime:0.001000s ]

[ 2016-11-21T10:42:11+08:00 ] 127.0.0.1 /user/fetcher/test
INFO: [ app_init ] --START--
INFO: Run Behavior\BuildLiteBehavior [ RunTime:0.000000s ]
INFO: [ app_init ] --END-- [ RunTime:0.000000s ]
INFO: [ app_begin ] --START--
INFO: Run Behavior\ReadHtmlCacheBehavior [ RunTime:0.000000s ]
INFO: [ app_begin ] --END-- [ RunTime:0.000000s ]
INFO: [ action_begin ] --START--
SQL: SHOW COLUMNS FROM `gms_hooks` [ RunTime:0.0020s ]
SQL: SELECT `name`,`addons` FROM `gms_hooks`  [ RunTime:0.0000s ]
SQL: SHOW COLUMNS FROM `gms_addons` [ RunTime:0.0030s ]
SQL: SELECT `id`,`name` FROM `gms_addons` WHERE `disabled` = 1 AND `name` IN ('SiteStat')  [ RunTime:0.0000s ]
INFO: Run Common\Behavior\InitHookBehavior [ RunTime:0.014001s ]
INFO: [ action_begin ] --END-- [ RunTime:0.014001s ]
SQL: SHOW COLUMNS FROM `gms_picture` [ RunTime:0.0030s ]
SQL: INSERT INTO `gms_picture` (`title`) VALUES ('/Uploads/picture/58325f01c2b26.png') [ RunTime:0.0000s ]
SQL: INSERT INTO `gms_picture` (`title`) VALUES ('/Uploads/picture/58325f01cd709.jpg') [ RunTime:0.0010s ]
SQL: INSERT INTO `gms_picture` (`title`) VALUES ('/Uploads/picture/58325f01da614.jpg') [ RunTime:0.0000s ]
SQL: INSERT INTO `gms_picture` (`title`) VALUES ('/Uploads/picture/58325f01eafb8.jpg') [ RunTime:0.0000s ]
SQL: INSERT INTO `gms_picture` (`title`) VALUES ('/Uploads/picture/58325f0206f4b.jpg') [ RunTime:0.0010s ]
SQL: INSERT INTO `gms_picture` (`title`) VALUES ('/Uploads/picture/58325f0217507.jpg') [ RunTime:0.0000s ]
SQL: INSERT INTO `gms_picture` (`title`) VALUES ('/Uploads/picture/58325f02272f3.jpg') [ RunTime:0.0010s ]
SQL: INSERT INTO `gms_picture` (`title`) VALUES ('/Uploads/picture/58325f0232a8e.jpg') [ RunTime:0.0000s ]
SQL: INSERT INTO `gms_picture` (`title`) VALUES ('/Uploads/picture/58325f0240551.jpg') [ RunTime:0.0000s ]
SQL: INSERT INTO `gms_picture` (`title`) VALUES ('/Uploads/picture/58325f024cc8c.jpg') [ RunTime:0.0010s ]
SQL: INSERT INTO `gms_picture` (`title`) VALUES ('/Uploads/picture/58325f025709e.jpg') [ RunTime:0.0000s ]
SQL: INSERT INTO `gms_picture` (`title`) VALUES ('/Uploads/picture/58325f02633f1.jpg') [ RunTime:0.0000s ]
SQL: INSERT INTO `gms_picture` (`title`) VALUES ('/Uploads/picture/58325f027223c.jpg') [ RunTime:0.0000s ]
SQL: INSERT INTO `gms_picture` (`title`) VALUES ('/Uploads/picture/58325f027c267.jpg') [ RunTime:0.0000s ]
SQL: INSERT INTO `gms_picture` (`title`) VALUES ('/Uploads/picture/58325f02889a2.jpg') [ RunTime:0.0000s ]
SQL: INSERT INTO `gms_picture` (`title`) VALUES ('/Uploads/picture/58325f0297405.jpg') [ RunTime:0.0000s ]
SQL: INSERT INTO `gms_picture` (`title`) VALUES ('/Uploads/picture/58325f02a3f28.jpg') [ RunTime:0.0000s ]
SQL: INSERT INTO `gms_picture` (`title`) VALUES ('/Uploads/picture/58325f02afe93.jpg') [ RunTime:0.0000s ]
SQL: INSERT INTO `gms_picture` (`title`) VALUES ('/Uploads/picture/58325f02bae5d.jpg') [ RunTime:0.0010s ]
SQL: INSERT INTO `gms_picture` (`title`) VALUES ('/Uploads/picture/58325f02c8151.jpg') [ RunTime:0.0000s ]
SQL: INSERT INTO `gms_picture` (`title`) VALUES ('/Uploads/picture/58325f02d505c.jpg') [ RunTime:0.0000s ]
SQL: INSERT INTO `gms_picture` (`title`) VALUES ('/Uploads/picture/58325f02e1f67.jpg') [ RunTime:0.0000s ]
SQL: INSERT INTO `gms_picture` (`title`) VALUES ('/Uploads/picture/58325f02efa2a.jpg') [ RunTime:0.0000s ]
SQL: INSERT INTO `gms_picture` (`title`) VALUES ('/Uploads/picture/58325f0307f25.jpg') [ RunTime:0.0000s ]
INFO: [ app_end ] --START--
INFO: Run Behavior\ShowPageTraceBehavior [ RunTime:0.000000s ]
INFO: [ app_end ] --END-- [ RunTime:0.000000s ]

[ 2016-11-21T10:42:16+08:00 ] 127.0.0.1 /user/fetcher/test
INFO: [ app_init ] --START--
INFO: Run Behavior\BuildLiteBehavior [ RunTime:0.000000s ]
INFO: [ app_init ] --END-- [ RunTime:0.000000s ]
INFO: [ app_begin ] --START--
INFO: Run Behavior\ReadHtmlCacheBehavior [ RunTime:0.001000s ]
INFO: [ app_begin ] --END-- [ RunTime:0.001000s ]
INFO: [ action_begin ] --START--
SQL: SHOW COLUMNS FROM `gms_hooks` [ RunTime:0.0030s ]
SQL: SELECT `name`,`addons` FROM `gms_hooks`  [ RunTime:0.0000s ]
SQL: SHOW COLUMNS FROM `gms_addons` [ RunTime:0.0040s ]
SQL: SELECT `id`,`name` FROM `gms_addons` WHERE `disabled` = 1 AND `name` IN ('SiteStat')  [ RunTime:0.0000s ]
INFO: Run Common\Behavior\InitHookBehavior [ RunTime:0.015001s ]
INFO: [ action_begin ] --END-- [ RunTime:0.015001s ]
SQL: SHOW COLUMNS FROM `gms_picture` [ RunTime:0.0030s ]
SQL: INSERT INTO `gms_picture` (`title`) VALUES ('/Uploads/picture/58325f0694609.jpg') [ RunTime:0.0000s ]
SQL: INSERT INTO `gms_picture` (`title`) VALUES ('/Uploads/picture/58325f06a24b5.jpg') [ RunTime:0.0010s ]
SQL: INSERT INTO `gms_picture` (`title`) VALUES ('/Uploads/picture/58325f06afb90.jpg') [ RunTime:0.0000s ]
SQL: INSERT INTO `gms_picture` (`title`) VALUES ('/Uploads/picture/58325f06bde23.jpg') [ RunTime:0.0000s ]
SQL: INSERT INTO `gms_picture` (`title`) VALUES ('/Uploads/picture/58325f06ca946.jpg') [ RunTime:0.0010s ]
SQL: INSERT INTO `gms_picture` (`title`) VALUES ('/Uploads/picture/58325f06d9f62.jpg') [ RunTime:0.0000s ]
SQL: INSERT INTO `gms_picture` (`title`) VALUES ('/Uploads/picture/58325f06e8dad.jpg') [ RunTime:0.0000s ]
SQL: INSERT INTO `gms_picture` (`title`) VALUES ('/Uploads/picture/58325f070baa2.jpg') [ RunTime:0.0000s ]
SQL: INSERT INTO `gms_picture` (`title`) VALUES ('/Uploads/picture/58325f0715eb5.jpg') [ RunTime:0.0010s ]
SQL: INSERT INTO `gms_picture` (`title`) VALUES ('/Uploads/picture/58325f07229d8.jpg') [ RunTime:0.0000s ]
SQL: INSERT INTO `gms_picture` (`title`) VALUES ('/Uploads/picture/58325f072c232.jpg') [ RunTime:0.0000s ]
SQL: INSERT INTO `gms_picture` (`title`) VALUES ('/Uploads/picture/58325f073913d.jpg') [ RunTime:0.0000s ]
SQL: INSERT INTO `gms_picture` (`title`) VALUES ('/Uploads/picture/58325f07477b8.jpg') [ RunTime:0.0000s ]
SQL: INSERT INTO `gms_picture` (`title`) VALUES ('/Uploads/picture/58325f0751fb3.jpg') [ RunTime:0.0010s ]
SQL: INSERT INTO `gms_picture` (`title`) VALUES ('/Uploads/picture/58325f076b9e1.png') [ RunTime:0.0000s ]
SQL: INSERT INTO `gms_picture` (`title`) VALUES ('/Uploads/picture/58325f0775df3.jpg') [ RunTime:0.0000s ]
SQL: INSERT INTO `gms_picture` (`title`) VALUES ('/Uploads/picture/58325f0782cfe.jpg') [ RunTime:0.0000s ]
SQL: INSERT INTO `gms_picture` (`title`) VALUES ('/Uploads/picture/58325f079a01c.jpg') [ RunTime:0.0010s ]
SQL: INSERT INTO `gms_picture` (`title`) VALUES ('/Uploads/picture/58325f07a9a1f.jpg') [ RunTime:0.0000s ]
SQL: INSERT INTO `gms_picture` (`title`) VALUES ('/Uploads/picture/58325f07c2c7d.png') [ RunTime:0.0010s ]
SQL: INSERT INTO `gms_picture` (`title`) VALUES ('/Uploads/picture/58325f07cfb88.jpg') [ RunTime:0.0000s ]
SQL: INSERT INTO `gms_picture` (`title`) VALUES ('/Uploads/picture/58325f07e4795.png') [ RunTime:0.0000s ]
SQL: INSERT INTO `gms_picture` (`title`) VALUES ('/Uploads/picture/58325f07f39c9.jpg') [ RunTime:0.0010s ]
SQL: INSERT INTO `gms_picture` (`title`) VALUES ('/Uploads/picture/58325f080bec4.jpg') [ RunTime:0.0000s ]
INFO: [ app_end ] --START--
INFO: Run Behavior\ShowPageTraceBehavior [ RunTime:0.000000s ]
INFO: [ app_end ] --END-- [ RunTime:0.000000s ]

[ 2016-11-21T10:42:21+08:00 ] 127.0.0.1 /user/fetcher/test
INFO: [ app_init ] --START--
INFO: Run Behavior\BuildLiteBehavior [ RunTime:0.000000s ]
INFO: [ app_init ] --END-- [ RunTime:0.001000s ]
INFO: [ app_begin ] --START--
INFO: Run Behavior\ReadHtmlCacheBehavior [ RunTime:0.000000s ]
INFO: [ app_begin ] --END-- [ RunTime:0.000000s ]
INFO: [ action_begin ] --START--
SQL: SHOW COLUMNS FROM `gms_hooks` [ RunTime:0.0030s ]
SQL: SELECT `name`,`addons` FROM `gms_hooks`  [ RunTime:0.0000s ]
SQL: SHOW COLUMNS FROM `gms_addons` [ RunTime:0.0030s ]
SQL: SELECT `id`,`name` FROM `gms_addons` WHERE `disabled` = 1 AND `name` IN ('SiteStat')  [ RunTime:0.0010s ]
INFO: Run Common\Behavior\InitHookBehavior [ RunTime:0.024002s ]
INFO: [ action_begin ] --END-- [ RunTime:0.024002s ]
SQL: SHOW COLUMNS FROM `gms_picture` [ RunTime:0.0020s ]
SQL: INSERT INTO `gms_picture` (`title`) VALUES ('/Uploads/picture/58325f0bc6413.jpg') [ RunTime:0.0000s ]
SQL: INSERT INTO `gms_picture` (`title`) VALUES ('/Uploads/picture/58325f0bd13de.jpg') [ RunTime:0.0010s ]
SQL: INSERT INTO `gms_picture` (`title`) VALUES ('/Uploads/picture/58325f0bdbbd8.jpg') [ RunTime:0.0000s ]
SQL: INSERT INTO `gms_picture` (`title`) VALUES ('/Uploads/picture/58325f0bf233d.jpg') [ RunTime:0.0000s ]
SQL: INSERT INTO `gms_picture` (`title`) VALUES ('/Uploads/picture/58325f0c0ac20.jpg') [ RunTime:0.0000s ]
SQL: INSERT INTO `gms_picture` (`title`) VALUES ('/Uploads/picture/58325f0c15033.jpg') [ RunTime:0.0000s ]
SQL: INSERT INTO `gms_picture` (`title`) VALUES ('/Uploads/picture/58325f0c1f05d.jpg') [ RunTime:0.0000s ]
SQL: INSERT INTO `gms_picture` (`title`) VALUES ('/Uploads/picture/58325f0c2bb80.jpg') [ RunTime:0.0000s ]
SQL: INSERT INTO `gms_picture` (`title`) VALUES ('/Uploads/picture/58325f0c37aeb.jpg') [ RunTime:0.0000s ]
SQL: INSERT INTO `gms_picture` (`title`) VALUES ('/Uploads/picture/58325f0c47106.jpg') [ RunTime:0.0000s ]
SQL: INSERT INTO `gms_picture` (`title`) VALUES ('/Uploads/picture/58325f0c543f9.jpg') [ RunTime:0.0000s ]
SQL: INSERT INTO `gms_picture` (`title`) VALUES ('/Uploads/picture/58325f0c61304.jpg') [ RunTime:0.0000s ]
SQL: INSERT INTO `gms_picture` (`title`) VALUES ('/Uploads/picture/58325f0c6da3f.jpg') [ RunTime:0.0000s ]
SQL: INSERT INTO `gms_picture` (`title`) VALUES ('/Uploads/picture/58325f0c7d82b.jpg') [ RunTime:0.0000s ]
SQL: INSERT INTO `gms_picture` (`title`) VALUES ('/Uploads/picture/58325f0c89796.jpg') [ RunTime:0.0010s ]
SQL: INSERT INTO `gms_picture` (`title`) VALUES ('/Uploads/picture/58325f0c966a1.jpg') [ RunTime:0.0000s ]
SQL: INSERT INTO `gms_picture` (`title`) VALUES ('/Uploads/picture/58325f0cab2ae.jpg') [ RunTime:0.0000s ]
SQL: INSERT INTO `gms_picture` (`title`) VALUES ('/Uploads/picture/58325f0cbb099.jpg') [ RunTime:0.0000s ]
SQL: INSERT INTO `gms_picture` (`title`) VALUES ('/Uploads/picture/58325f0cc7fa5.jpg') [ RunTime:0.0000s ]
SQL: INSERT INTO `gms_picture` (`title`) VALUES ('/Uploads/picture/58325f0cdcbb1.png') [ RunTime:0.0000s ]
SQL: INSERT INTO `gms_picture` (`title`) VALUES ('/Uploads/picture/58325f0cec1cd.jpg') [ RunTime:0.0000s ]
SQL: INSERT INTO `gms_picture` (`title`) VALUES ('/Uploads/picture/58325f0d075a9.jpg') [ RunTime:0.0000s ]
SQL: INSERT INTO `gms_picture` (`title`) VALUES ('/Uploads/picture/58325f0d140cc.jpg') [ RunTime:0.0000s ]
SQL: INSERT INTO `gms_picture` (`title`) VALUES ('/Uploads/picture/58325f0d213bf.jpg') [ RunTime:0.0000s ]
INFO: [ app_end ] --START--
INFO: Run Behavior\ShowPageTraceBehavior [ RunTime:0.001000s ]
INFO: [ app_end ] --END-- [ RunTime:0.001000s ]

[ 2016-11-21T10:42:25+08:00 ] 127.0.0.1 /user/fetcher/test
INFO: [ app_init ] --START--
INFO: Run Behavior\BuildLiteBehavior [ RunTime:0.000000s ]
INFO: [ app_init ] --END-- [ RunTime:0.000000s ]
INFO: [ app_begin ] --START--
INFO: Run Behavior\ReadHtmlCacheBehavior [ RunTime:0.000000s ]
INFO: [ app_begin ] --END-- [ RunTime:0.000000s ]
INFO: [ action_begin ] --START--
SQL: SHOW COLUMNS FROM `gms_hooks` [ RunTime:0.0030s ]
SQL: SELECT `name`,`addons` FROM `gms_hooks`  [ RunTime:0.0010s ]
SQL: SHOW COLUMNS FROM `gms_addons` [ RunTime:0.0020s ]
SQL: SELECT `id`,`name` FROM `gms_addons` WHERE `disabled` = 1 AND `name` IN ('SiteStat')  [ RunTime:0.0000s ]
INFO: Run Common\Behavior\InitHookBehavior [ RunTime:0.013000s ]
INFO: [ action_begin ] --END-- [ RunTime:0.013000s ]
SQL: SHOW COLUMNS FROM `gms_picture` [ RunTime:0.0030s ]
SQL: INSERT INTO `gms_picture` (`title`) VALUES ('/Uploads/picture/58325f10a84b2.jpg') [ RunTime:0.0000s ]
SQL: INSERT INTO `gms_picture` (`title`) VALUES ('/Uploads/picture/58325f10b4035.jpg') [ RunTime:0.0010s ]
SQL: INSERT INTO `gms_picture` (`title`) VALUES ('/Uploads/picture/58325f10c26b0.jpg') [ RunTime:0.0010s ]
SQL: INSERT INTO `gms_picture` (`title`) VALUES ('/Uploads/picture/58325f10cc2f2.jpg') [ RunTime:0.0000s ]
SQL: INSERT INTO `gms_picture` (`title`) VALUES ('/Uploads/picture/58325f10d8a2d.jpg') [ RunTime:0.0000s ]
SQL: INSERT INTO `gms_picture` (`title`) VALUES ('/Uploads/picture/58325f10e2e40.jpg') [ RunTime:0.0000s ]
SQL: INSERT INTO `gms_picture` (`title`) VALUES ('/Uploads/picture/58325f10ed63a.jpg') [ RunTime:0.0000s ]
SQL: INSERT INTO `gms_picture` (`title`) VALUES ('/Uploads/picture/58325f1105f1d.jpg') [ RunTime:0.0000s ]
SQL: INSERT INTO `gms_picture` (`title`) VALUES ('/Uploads/picture/58325f1115539.jpg') [ RunTime:0.0000s ]
SQL: INSERT INTO `gms_picture` (`title`) VALUES ('/Uploads/picture/58325f1124b54.jpg') [ RunTime:0.0000s ]
SQL: INSERT INTO `gms_picture` (`title`) VALUES ('/Uploads/picture/58325f1130ea7.jpg') [ RunTime:0.0000s ]
SQL: INSERT INTO `gms_picture` (`title`) VALUES ('/Uploads/picture/58325f11408ab.jpg') [ RunTime:0.0000s ]
SQL: INSERT INTO `gms_picture` (`title`) VALUES ('/Uploads/picture/58325f114f6f6.jpg') [ RunTime:0.0000s ]
SQL: INSERT INTO `gms_picture` (`title`) VALUES ('/Uploads/picture/58325f115c9e9.jpg') [ RunTime:0.0000s ]
SQL: INSERT INTO `gms_picture` (`title`) VALUES ('/Uploads/picture/58325f11698f4.jpg') [ RunTime:0.0010s ]
SQL: INSERT INTO `gms_picture` (`title`) VALUES ('/Uploads/picture/58325f1176417.jpg') [ RunTime:0.0000s ]
SQL: INSERT INTO `gms_picture` (`title`) VALUES ('/Uploads/picture/58325f118276a.jpg') [ RunTime:0.0000s ]
SQL: INSERT INTO `gms_picture` (`title`) VALUES ('/Uploads/picture/58325f118cf65.jpg') [ RunTime:0.0000s ]
SQL: INSERT INTO `gms_picture` (`title`) VALUES ('/Uploads/picture/58325f1196f8f.jpg') [ RunTime:0.0000s ]
SQL: INSERT INTO `gms_picture` (`title`) VALUES ('/Uploads/picture/58325f11a1789.jpg') [ RunTime:0.0010s ]
SQL: INSERT INTO `gms_picture` (`title`) VALUES ('/Uploads/picture/58325f11aee65.jpg') [ RunTime:0.0000s ]
SQL: INSERT INTO `gms_picture` (`title`) VALUES ('/Uploads/picture/58325f11bb5a0.jpg') [ RunTime:0.0000s ]
SQL: INSERT INTO `gms_picture` (`title`) VALUES ('/Uploads/picture/58325f11cbf43.jpg') [ RunTime:0.0000s ]
SQL: INSERT INTO `gms_picture` (`title`) VALUES ('/Uploads/picture/58325f11dc4ff.jpg') [ RunTime:0.0000s ]
INFO: [ app_end ] --START--
INFO: Run Behavior\ShowPageTraceBehavior [ RunTime:0.000000s ]
INFO: [ app_end ] --END-- [ RunTime:0.000000s ]

[ 2016-11-21T10:42:30+08:00 ] 127.0.0.1 /user/fetcher/test
INFO: [ app_init ] --START--
INFO: Run Behavior\BuildLiteBehavior [ RunTime:0.000000s ]
INFO: [ app_init ] --END-- [ RunTime:0.000000s ]
INFO: [ app_begin ] --START--
INFO: Run Behavior\ReadHtmlCacheBehavior [ RunTime:0.000000s ]
INFO: [ app_begin ] --END-- [ RunTime:0.000000s ]
INFO: [ action_begin ] --START--
SQL: SHOW COLUMNS FROM `gms_hooks` [ RunTime:0.0020s ]
SQL: SELECT `name`,`addons` FROM `gms_hooks`  [ RunTime:0.0010s ]
SQL: SHOW COLUMNS FROM `gms_addons` [ RunTime:0.0020s ]
SQL: SELECT `id`,`name` FROM `gms_addons` WHERE `disabled` = 1 AND `name` IN ('SiteStat')  [ RunTime:0.0010s ]
INFO: Run Common\Behavior\InitHookBehavior [ RunTime:0.013000s ]
INFO: [ action_begin ] --END-- [ RunTime:0.013000s ]
SQL: SHOW COLUMNS FROM `gms_picture` [ RunTime:0.0030s ]
SQL: INSERT INTO `gms_picture` (`title`) VALUES ('/Uploads/picture/58325f1558865.jpg') [ RunTime:0.0000s ]
SQL: INSERT INTO `gms_picture` (`title`) VALUES ('/Uploads/picture/58325f1566710.jpg') [ RunTime:0.0000s ]
SQL: INSERT INTO `gms_picture` (`title`) VALUES ('/Uploads/picture/58325f157361b.jpg') [ RunTime:0.0000s ]
SQL: INSERT INTO `gms_picture` (`title`) VALUES ('/Uploads/picture/58325f158090f.jpg') [ RunTime:0.0000s ]
SQL: INSERT INTO `gms_picture` (`title`) VALUES ('/Uploads/picture/58325f158dc02.jpg') [ RunTime:0.0000s ]
SQL: INSERT INTO `gms_picture` (`title`) VALUES ('/Uploads/picture/58325f159aef5.jpg') [ RunTime:0.0000s ]
SQL: INSERT INTO `gms_picture` (`title`) VALUES ('/Uploads/picture/58325f15a7a18.jpg') [ RunTime:0.0000s ]
SQL: INSERT INTO `gms_picture` (`title`) VALUES ('/Uploads/picture/58325f15b4923.jpg') [ RunTime:0.0010s ]
SQL: INSERT INTO `gms_picture` (`title`) VALUES ('/Uploads/picture/58325f15c182e.jpg') [ RunTime:0.0000s ]
SQL: INSERT INTO `gms_picture` (`title`) VALUES ('/Uploads/picture/58325f15ce739.jpg') [ RunTime:0.0000s ]
SQL: INSERT INTO `gms_picture` (`title`) VALUES ('/Uploads/picture/58325f15e17ed.png') [ RunTime:0.0000s ]
SQL: INSERT INTO `gms_picture` (`title`) VALUES ('/Uploads/picture/58325f15f40d2.jpg') [ RunTime:0.0000s ]
SQL: INSERT INTO `gms_picture` (`title`) VALUES ('/Uploads/picture/58325f160cd9d.jpg') [ RunTime:0.0000s ]
SQL: INSERT INTO `gms_picture` (`title`) VALUES ('/Uploads/picture/58325f1620621.png') [ RunTime:0.0000s ]
SQL: INSERT INTO `gms_picture` (`title`) VALUES ('/Uploads/picture/58325f162a64c.jpg') [ RunTime:0.0010s ]
SQL: INSERT INTO `gms_picture` (`title`) VALUES ('/Uploads/picture/58325f1634e46.jpg') [ RunTime:0.0000s ]
SQL: INSERT INTO `gms_picture` (`title`) VALUES ('/Uploads/picture/58325f1641d51.jpg') [ RunTime:0.0000s ]
SQL: INSERT INTO `gms_picture` (`title`) VALUES ('/Uploads/picture/58325f164c54c.jpg') [ RunTime:0.0000s ]
SQL: INSERT INTO `gms_picture` (`title`) VALUES ('/Uploads/picture/58325f165d2d7.jpg') [ RunTime:0.0000s ]
SQL: INSERT INTO `gms_picture` (`title`) VALUES ('/Uploads/picture/58325f166ccdb.jpg') [ RunTime:0.0000s ]
SQL: INSERT INTO `gms_picture` (`title`) VALUES ('/Uploads/picture/58325f16774d6.jpg') [ RunTime:0.0000s ]
SQL: INSERT INTO `gms_picture` (`title`) VALUES ('/Uploads/picture/58325f1680d30.jpg') [ RunTime:0.0010s ]
SQL: INSERT INTO `gms_picture` (`title`) VALUES ('/Uploads/picture/58325f168f3ab.jpg') [ RunTime:0.0000s ]
SQL: INSERT INTO `gms_picture` (`title`) VALUES ('/Uploads/picture/58325f169bece.jpg') [ RunTime:0.0000s ]
INFO: [ app_end ] --START--
INFO: Run Behavior\ShowPageTraceBehavior [ RunTime:0.001001s ]
INFO: [ app_end ] --END-- [ RunTime:0.001001s ]

[ 2016-11-21T10:45:05+08:00 ] 127.0.0.1 /user/fetcher/test
INFO: [ app_init ] --START--
INFO: Run Behavior\BuildLiteBehavior [ RunTime:0.000000s ]
INFO: [ app_init ] --END-- [ RunTime:0.000000s ]
INFO: [ app_begin ] --START--
INFO: Run Behavior\ReadHtmlCacheBehavior [ RunTime:0.001000s ]
INFO: [ app_begin ] --END-- [ RunTime:0.001000s ]
INFO: [ action_begin ] --START--
SQL: SHOW COLUMNS FROM `gms_hooks` [ RunTime:0.0020s ]
SQL: SELECT `name`,`addons` FROM `gms_hooks`  [ RunTime:0.0000s ]
SQL: SHOW COLUMNS FROM `gms_addons` [ RunTime:0.0020s ]
SQL: SELECT `id`,`name` FROM `gms_addons` WHERE `disabled` = 1 AND `name` IN ('SiteStat')  [ RunTime:0.0010s ]
INFO: Run Common\Behavior\InitHookBehavior [ RunTime:0.014001s ]
INFO: [ action_begin ] --END-- [ RunTime:0.015001s ]
SQL: SHOW COLUMNS FROM `gms_picture` [ RunTime:0.0020s ]
SQL: INSERT INTO `gms_picture` (`title`) VALUES ('/Uploads/picture/58325fb0c5628.jpg') [ RunTime:0.0000s ]
SQL: INSERT INTO `gms_picture` (`title`) VALUES ('/Uploads/picture/58325fb0d34d3.jpg') [ RunTime:0.0000s ]
SQL: INSERT INTO `gms_picture` (`title`) VALUES ('/Uploads/picture/58325fb0e32bf.jpg') [ RunTime:0.0010s ]
SQL: INSERT INTO `gms_picture` (`title`) VALUES ('/Uploads/picture/58325fb0ef9fa.jpg') [ RunTime:0.0000s ]
SQL: INSERT INTO `gms_picture` (`title`) VALUES ('/Uploads/picture/58325fb1082dd.jpg') [ RunTime:0.0000s ]
SQL: INSERT INTO `gms_picture` (`title`) VALUES ('/Uploads/picture/58325fb1151e8.jpg') [ RunTime:0.0000s ]
SQL: INSERT INTO `gms_picture` (`title`) VALUES ('/Uploads/picture/58325fb11f5fa.jpg') [ RunTime:0.0000s ]
SQL: INSERT INTO `gms_picture` (`title`) VALUES ('/Uploads/picture/58325fb12c11d.jpg') [ RunTime:0.0000s ]
SQL: INSERT INTO `gms_picture` (`title`) VALUES ('/Uploads/picture/58325fb13a3b1.jpg') [ RunTime:0.0010s ]
SQL: INSERT INTO `gms_picture` (`title`) VALUES ('/Uploads/picture/58325fb1472bc.jpg') [ RunTime:0.0000s ]
INFO: [ app_end ] --START--
INFO: Run Behavior\ShowPageTraceBehavior [ RunTime:0.001000s ]
INFO: [ app_end ] --END-- [ RunTime:0.001000s ]

[ 2016-11-21T10:45:09+08:00 ] 127.0.0.1 /user/fetcher/test
INFO: [ app_init ] --START--
INFO: Run Behavior\BuildLiteBehavior [ RunTime:0.000000s ]
INFO: [ app_init ] --END-- [ RunTime:0.001000s ]
INFO: [ app_begin ] --START--
INFO: Run Behavior\ReadHtmlCacheBehavior [ RunTime:0.000000s ]
INFO: [ app_begin ] --END-- [ RunTime:0.000000s ]
INFO: [ action_begin ] --START--
SQL: SHOW COLUMNS FROM `gms_hooks` [ RunTime:0.0030s ]
SQL: SELECT `name`,`addons` FROM `gms_hooks`  [ RunTime:0.0000s ]
SQL: SHOW COLUMNS FROM `gms_addons` [ RunTime:0.0020s ]
SQL: SELECT `id`,`name` FROM `gms_addons` WHERE `disabled` = 1 AND `name` IN ('SiteStat')  [ RunTime:0.0010s ]
INFO: Run Common\Behavior\InitHookBehavior [ RunTime:0.013001s ]
INFO: [ action_begin ] --END-- [ RunTime:0.013001s ]
SQL: SHOW COLUMNS FROM `gms_picture` [ RunTime:0.0030s ]
SQL: INSERT INTO `gms_picture` (`title`) VALUES ('/Uploads/picture/58325fb512004.gif') [ RunTime:0.0020s ]
INFO: [ app_end ] --START--
INFO: Run Behavior\ShowPageTraceBehavior [ RunTime:0.001000s ]
INFO: [ app_end ] --END-- [ RunTime:0.001000s ]

[ 2016-11-21T10:45:25+08:00 ] 127.0.0.1 /user/fetcher/test
INFO: [ app_init ] --START--
INFO: Run Behavior\BuildLiteBehavior [ RunTime:0.000000s ]
INFO: [ app_init ] --END-- [ RunTime:0.000000s ]
INFO: [ app_begin ] --START--
INFO: Run Behavior\ReadHtmlCacheBehavior [ RunTime:0.001000s ]
INFO: [ app_begin ] --END-- [ RunTime:0.001000s ]
INFO: [ action_begin ] --START--
SQL: SHOW COLUMNS FROM `gms_hooks` [ RunTime:0.0020s ]
SQL: SELECT `name`,`addons` FROM `gms_hooks`  [ RunTime:0.0000s ]
SQL: SHOW COLUMNS FROM `gms_addons` [ RunTime:0.0030s ]
SQL: SELECT `id`,`name` FROM `gms_addons` WHERE `disabled` = 1 AND `name` IN ('SiteStat')  [ RunTime:0.0000s ]
INFO: Run Common\Behavior\InitHookBehavior [ RunTime:0.014001s ]
INFO: [ action_begin ] --END-- [ RunTime:0.014001s ]
SQL: SHOW COLUMNS FROM `gms_picture` [ RunTime:0.0020s ]
SQL: INSERT INTO `gms_picture` (`title`) VALUES ('/Uploads/picture/58325fc5e6a39.gif') [ RunTime:0.0000s ]
INFO: [ app_end ] --START--
INFO: Run Behavior\ShowPageTraceBehavior [ RunTime:0.001000s ]
INFO: [ app_end ] --END-- [ RunTime:0.001000s ]

[ 2016-11-21T10:52:23+08:00 ] 127.0.0.1 /user/fetcher/test
INFO: [ app_init ] --START--
INFO: Run Behavior\BuildLiteBehavior [ RunTime:0.000000s ]
INFO: [ app_init ] --END-- [ RunTime:0.001001s ]
INFO: [ app_begin ] --START--
INFO: Run Behavior\ReadHtmlCacheBehavior [ RunTime:0.000000s ]
INFO: [ app_begin ] --END-- [ RunTime:0.000000s ]
INFO: [ action_begin ] --START--
SQL: SHOW COLUMNS FROM `gms_hooks` [ RunTime:0.0030s ]
SQL: SELECT `name`,`addons` FROM `gms_hooks`  [ RunTime:0.0000s ]
SQL: SHOW COLUMNS FROM `gms_addons` [ RunTime:0.0030s ]
SQL: SELECT `id`,`name` FROM `gms_addons` WHERE `disabled` = 1 AND `name` IN ('SiteStat')  [ RunTime:0.0000s ]
INFO: Run Common\Behavior\InitHookBehavior [ RunTime:0.014000s ]
INFO: [ action_begin ] --END-- [ RunTime:0.014000s ]
SQL: SHOW COLUMNS FROM `gms_picture` [ RunTime:0.0020s ]
SQL: INSERT INTO `gms_picture` (`title`) VALUES ('/Uploads/picture/583261671fa17.gif') [ RunTime:0.0000s ]
INFO: [ app_end ] --START--
INFO: Run Behavior\ShowPageTraceBehavior [ RunTime:0.000000s ]
INFO: [ app_end ] --END-- [ RunTime:0.000000s ]

[ 2016-11-21T11:14:18+08:00 ] 127.0.0.1 /user/fetcher/test
INFO: [ app_init ] --START--
INFO: Run Behavior\BuildLiteBehavior [ RunTime:0.000000s ]
INFO: [ app_init ] --END-- [ RunTime:0.000000s ]
INFO: [ app_begin ] --START--
INFO: Run Behavior\ReadHtmlCacheBehavior [ RunTime:0.000000s ]
INFO: [ app_begin ] --END-- [ RunTime:0.000000s ]
INFO: [ action_begin ] --START--
SQL: SHOW COLUMNS FROM `gms_hooks` [ RunTime:0.0030s ]
SQL: SELECT `name`,`addons` FROM `gms_hooks`  [ RunTime:0.0010s ]
SQL: SHOW COLUMNS FROM `gms_addons` [ RunTime:0.0030s ]
SQL: SELECT `id`,`name` FROM `gms_addons` WHERE `disabled` = 1 AND `name` IN ('SiteStat')  [ RunTime:0.0000s ]
INFO: Run Common\Behavior\InitHookBehavior [ RunTime:0.015001s ]
INFO: [ action_begin ] --END-- [ RunTime:0.015001s ]
SQL: SHOW COLUMNS FROM `gms_picture` [ RunTime:0.0030s ]
SQL: INSERT INTO `gms_picture` (`title`) VALUES ('/Uploads/picture/5832668a48366.gif') [ RunTime:0.0000s ]
INFO: [ app_end ] --START--
INFO: Run Behavior\ShowPageTraceBehavior [ RunTime:0.000000s ]
INFO: [ app_end ] --END-- [ RunTime:0.000000s ]

